<?xml version="1.0" encoding="UTF-8" ?>
<testsuite tests="1" failures="1" name="edu.fiu.vip_web.vip_r5_stories.tests.Card1206.Card1206Test" time="112.678" errors="0" skipped="0">
  <properties>
[...]
</properties>
  <testcase classname="edu.fiu.vip_web.vip_r5_stories.tests.Card1206.Card1206Test" name="card1206Test" time="112.548">
    <failure message="First login date doesn&apos;t seem to be recorded/shown" type="java.lang.AssertionError">java.lang.AssertionError: First login date doesn&apos;t seem to be recorded/shown
	at org.junit.Assert.fail(Assert.java:88)
	at edu.fiu.vip_web.vip_r5_stories.tests.Card1206.Card1206Step.execute(Card1206Step.java:53)
	at edu.fiu.vip_web.vip_r5_stories.common.SeleniumTestBase.executeSteps(SeleniumTestBase.java:43)
	at edu.fiu.vip_web.vip_r5_stories.tests.Card1206.Card1206Test.card1206Test(Card1206Test.java:23)
	at sun.reflect.NativeMethodAccessorImpl.invoke0(Native Method)
	at sun.reflect.NativeMethodAccessorImpl.invoke(NativeMethodAccessorImpl.java:62)
	at sun.reflect.DelegatingMethodAccessorImpl.invoke(DelegatingMethodAccessorImpl.java:43)
	at java.lang.reflect.Method.invoke(Method.java:498)
	at org.junit.runners.model.FrameworkMethod$1.runReflectiveCall(FrameworkMethod.java:50)
	at org.junit.internal.runners.model.ReflectiveCallable.run(ReflectiveCallable.java:12)
	at org.junit.runners.model.FrameworkMethod.invokeExplosively(FrameworkMethod.java:47)
	at org.junit.internal.runners.statements.InvokeMethod.evaluate(InvokeMethod.java:17)
	at org.junit.internal.runners.statements.RunBefores.evaluate(RunBefores.java:26)
	at org.junit.internal.runners.statements.RunAfters.evaluate(RunAfters.java:27)
	at org.junit.runners.ParentRunner.runLeaf(ParentRunner.java:325)
	at org.junit.runners.BlockJUnit4ClassRunner.runChild(BlockJUnit4ClassRunner.java:78)
	at org.junit.runners.BlockJUnit4ClassRunner.runChild(BlockJUnit4ClassRunner.java:57)
	at org.junit.runners.ParentRunner$3.run(ParentRunner.java:290)
	at org.junit.runners.ParentRunner$1.schedule(ParentRunner.java:71)
	at org.junit.runners.ParentRunner.runChildren(ParentRunner.java:288)
	at org.junit.runners.ParentRunner.access$000(ParentRunner.java:58)
	at org.junit.runners.ParentRunner$2.evaluate(ParentRunner.java:268)
	at org.junit.runners.ParentRunner.run(ParentRunner.java:363)
	at org.apache.maven.surefire.junit4.JUnit4TestSet.execute(JUnit4TestSet.java:53)
	at org.apache.maven.surefire.junit4.JUnit4Provider.executeTestSet(JUnit4Provider.java:123)
	at org.apache.maven.surefire.junit4.JUnit4Provider.invoke(JUnit4Provider.java:104)
	at sun.reflect.NativeMethodAccessorImpl.invoke0(Native Method)
	at sun.reflect.NativeMethodAccessorImpl.invoke(NativeMethodAccessorImpl.java:62)
	at sun.reflect.DelegatingMethodAccessorImpl.invoke(DelegatingMethodAccessorImpl.java:43)
	at java.lang.reflect.Method.invoke(Method.java:498)
	at org.apache.maven.surefire.util.ReflectionUtils.invokeMethodWithArray(ReflectionUtils.java:164)
	at org.apache.maven.surefire.booter.ProviderFactory$ProviderProxy.invoke(ProviderFactory.java:110)
	at org.apache.maven.surefire.booter.SurefireStarter.invokeProvider(SurefireStarter.java:175)
	at org.apache.maven.surefire.booter.SurefireStarter.runSuitesInProcessWhenForked(SurefireStarter.java:107)
	at org.apache.maven.surefire.booter.ForkedBooter.main(ForkedBooter.java:68)
</failure>
    <system-err>1496355125661	geckodriver	INFO	Listening on 127.0.0.1:13780
1496355126508	geckodriver::marionette	INFO	Starting browser /Applications/Firefox.app/Contents/MacOS/firefox-bin with args [&quot;-marionette&quot;]
1496355127607	addons.manager	DEBUG	Application has been upgraded
1496355127847	addons.manager	DEBUG	Loaded provider scope for resource://gre/modules/addons/XPIProvider.jsm: [&quot;XPIProvider&quot;]
1496355127852	addons.manager	DEBUG	Loaded provider scope for resource://gre/modules/LightweightThemeManager.jsm: [&quot;LightweightThemeManager&quot;]
1496355127859	addons.manager	DEBUG	Loaded provider scope for resource://gre/modules/addons/GMPProvider.jsm
1496355127864	addons.manager	DEBUG	Loaded provider scope for resource://gre/modules/addons/PluginProvider.jsm
1496355127866	addons.manager	DEBUG	Starting provider: XPIProvider
1496355127867	addons.xpi	DEBUG	startup
1496355127868	addons.xpi	INFO	Removing all system add-on upgrades.
1496355127868	addons.xpi	INFO	SystemAddonInstallLocation directory is missing
1496355127871	addons.xpi	INFO	Mapping aushelper@mozilla.org to /Applications/Firefox.app/Contents/Resources/browser/features/aushelper@mozilla.org.xpi
1496355127871	addons.xpi	INFO	Mapping e10srollout@mozilla.org to /Applications/Firefox.app/Contents/Resources/browser/features/e10srollout@mozilla.org.xpi
1496355127872	addons.xpi	INFO	Mapping firefox@getpocket.com to /Applications/Firefox.app/Contents/Resources/browser/features/firefox@getpocket.com.xpi
1496355127872	addons.xpi	INFO	Mapping webcompat@mozilla.org to /Applications/Firefox.app/Contents/Resources/browser/features/webcompat@mozilla.org.xpi
1496355127874	addons.xpi	INFO	Mapping {972ce4c6-7e08-4474-a285-3208198ce6fd} to /Applications/Firefox.app/Contents/Resources/browser/extensions/{972ce4c6-7e08-4474-a285-3208198ce6fd}.xpi
1496355127875	addons.xpi	DEBUG	checkForChanges
1496355127875	addons.xpi	INFO	SystemAddonInstallLocation directory is missing
1496355127876	addons.xpi	DEBUG	Loaded add-on state from prefs: {}
1496355127878	addons.xpi	DEBUG	New add-on aushelper@mozilla.org in app-system-defaults
1496355127879	addons.xpi	DEBUG	getModTime: Recursive scan of aushelper@mozilla.org
1496355127880	addons.xpi	DEBUG	New add-on e10srollout@mozilla.org in app-system-defaults
1496355127881	addons.xpi	DEBUG	getModTime: Recursive scan of e10srollout@mozilla.org
1496355127883	addons.xpi	DEBUG	New add-on firefox@getpocket.com in app-system-defaults
1496355127884	addons.xpi	DEBUG	getModTime: Recursive scan of firefox@getpocket.com
1496355127884	addons.xpi	DEBUG	New add-on webcompat@mozilla.org in app-system-defaults
1496355127885	addons.xpi	DEBUG	getModTime: Recursive scan of webcompat@mozilla.org
1496355127886	addons.xpi	DEBUG	New add-on {972ce4c6-7e08-4474-a285-3208198ce6fd} in app-global
1496355127887	addons.xpi	DEBUG	getModTime: Recursive scan of {972ce4c6-7e08-4474-a285-3208198ce6fd}
1496355127887	addons.xpi	DEBUG	getInstallState changed: true, state: {&quot;app-system-defaults&quot;:{&quot;aushelper@mozilla.org&quot;:{&quot;d&quot;:&quot;/Applications/Firefox.app/Contents/Resources/browser/features/aushelper@mozilla.org.xpi&quot;,&quot;st&quot;:1495093093000},&quot;e10srollout@mozilla.org&quot;:{&quot;d&quot;:&quot;/Applications/Firefox.app/Contents/Resources/browser/features/e10srollout@mozilla.org.xpi&quot;,&quot;st&quot;:1495093093000},&quot;firefox@getpocket.com&quot;:{&quot;d&quot;:&quot;/Applications/Firefox.app/Contents/Resources/browser/features/firefox@getpocket.com.xpi&quot;,&quot;st&quot;:1495093093000},&quot;webcompat@mozilla.org&quot;:{&quot;d&quot;:&quot;/Applications/Firefox.app/Contents/Resources/browser/features/webcompat@mozilla.org.xpi&quot;,&quot;st&quot;:1495093093000}},&quot;app-global&quot;:{&quot;{972ce4c6-7e08-4474-a285-3208198ce6fd}&quot;:{&quot;d&quot;:&quot;/Applications/Firefox.app/Contents/Resources/browser/extensions/{972ce4c6-7e08-4474-a285-3208198ce6fd}.xpi&quot;,&quot;st&quot;:1495093093000}}}
1496355127903	addons.xpi-utils	DEBUG	Opening XPI database /var/folders/r5/kjnwj0jn1x56pdpncw6n7xc80000gn/T/rust_mozprofile.21NACEA5NrwW/extensions.json
1496355127906	addons.xpi-utils	DEBUG	New add-on aushelper@mozilla.org installed in app-system-defaults
*** Blocklist::_loadBlocklistFromFile: blocklist is disabled
1496355127936	DeferredSave.extensions.json	DEBUG	Save changes
1496355127937	addons.xpi-utils	DEBUG	New add-on e10srollout@mozilla.org installed in app-system-defaults
1496355127945	DeferredSave.extensions.json	DEBUG	Starting timer
1496355127948	DeferredSave.extensions.json	DEBUG	Save changes
1496355127948	addons.xpi-utils	DEBUG	New add-on firefox@getpocket.com installed in app-system-defaults
1496355127960	DeferredSave.extensions.json	DEBUG	Save changes
1496355127960	addons.xpi-utils	DEBUG	New add-on webcompat@mozilla.org installed in app-system-defaults
1496355127984	DeferredSave.extensions.json	DEBUG	Save changes
1496355127986	addons.xpi-utils	DEBUG	New add-on {972ce4c6-7e08-4474-a285-3208198ce6fd} installed in app-global
1496355128023	DeferredSave.extensions.json	DEBUG	Save changes
1496355128024	addons.manager	DEBUG	Registering startup change &apos;installed&apos; for aushelper@mozilla.org
1496355128039	addons.xpi	DEBUG	Loading bootstrap scope from /Applications/Firefox.app/Contents/Resources/browser/features/aushelper@mozilla.org.xpi
1496355128047	addons.xpi	DEBUG	Calling bootstrap method install on aushelper@mozilla.org version 2.0
1496355128047	addons.xpi-utils	DEBUG	Make addon app-system-defaults:aushelper@mozilla.org visible
1496355128048	DeferredSave.extensions.json	DEBUG	Save changes
1496355128051	addons.manager	DEBUG	Registering startup change &apos;installed&apos; for e10srollout@mozilla.org
1496355128052	addons.xpi	DEBUG	Loading bootstrap scope from /Applications/Firefox.app/Contents/Resources/browser/features/e10srollout@mozilla.org.xpi
1496355128056	addons.xpi	DEBUG	Calling bootstrap method install on e10srollout@mozilla.org version 1.14
1496355128058	addons.xpi-utils	DEBUG	Make addon app-system-defaults:e10srollout@mozilla.org visible
1496355128059	DeferredSave.extensions.json	DEBUG	Save changes
1496355128060	addons.manager	DEBUG	Registering startup change &apos;installed&apos; for firefox@getpocket.com
1496355128062	addons.xpi	DEBUG	Loading bootstrap scope from /Applications/Firefox.app/Contents/Resources/browser/features/firefox@getpocket.com.xpi
1496355128069	addons.xpi	DEBUG	Calling bootstrap method install on firefox@getpocket.com version 1.0.5
1496355128069	addons.xpi-utils	DEBUG	Make addon app-system-defaults:firefox@getpocket.com visible
1496355128070	DeferredSave.extensions.json	DEBUG	Save changes
1496355128070	addons.manager	DEBUG	Registering startup change &apos;installed&apos; for webcompat@mozilla.org
1496355128071	addons.xpi	DEBUG	Loading bootstrap scope from /Applications/Firefox.app/Contents/Resources/browser/features/webcompat@mozilla.org.xpi
1496355128074	addons.xpi	DEBUG	Calling bootstrap method install on webcompat@mozilla.org version 1.0
1496355128075	addons.xpi-utils	DEBUG	Make addon app-system-defaults:webcompat@mozilla.org visible
1496355128075	DeferredSave.extensions.json	DEBUG	Save changes
1496355128076	addons.xpi-utils	DEBUG	Make addon app-global:{972ce4c6-7e08-4474-a285-3208198ce6fd} visible
1496355128076	DeferredSave.extensions.json	DEBUG	Save changes
1496355128077	addons.xpi	DEBUG	Updating XPIState for {&quot;id&quot;:&quot;aushelper@mozilla.org&quot;,&quot;syncGUID&quot;:&quot;{500da8b9-47c4-244c-b58c-b9bae19573d5}&quot;,&quot;location&quot;:&quot;app-system-defaults&quot;,&quot;version&quot;:&quot;2.0&quot;,&quot;type&quot;:&quot;extension&quot;,&quot;internalName&quot;:null,&quot;updateURL&quot;:null,&quot;updateKey&quot;:null,&quot;optionsURL&quot;:null,&quot;optionsType&quot;:null,&quot;aboutURL&quot;:null,&quot;icons&quot;:{},&quot;iconURL&quot;:null,&quot;icon64URL&quot;:null,&quot;defaultLocale&quot;:{&quot;name&quot;:&quot;Application Update Service Helper&quot;,&quot;description&quot;:&quot;Sets value(s) in the update url based on custom checks.&quot;,&quot;creator&quot;:null,&quot;homepageURL&quot;:null},&quot;visible&quot;:true,&quot;active&quot;:true,&quot;userDisabled&quot;:false,&quot;appDisabled&quot;:false,&quot;descriptor&quot;:&quot;/Applications/Firefox.app/Contents/Resources/browser/features/aushelper@mozilla.org.xpi&quot;,&quot;installDate&quot;:1495093093000,&quot;updateDate&quot;:1495093093000,&quot;applyBackgroundUpdates&quot;:1,&quot;bootstrap&quot;:true,&quot;skinnable&quot;:false,&quot;size&quot;:8488,&quot;sourceURI&quot;:null,&quot;releaseNotesURI&quot;:null,&quot;softDisabled&quot;:false,&quot;foreignInstall&quot;:false,&quot;hasBinaryComponents&quot;:false,&quot;strictCompatibility&quot;:false,&quot;locales&quot;:[],&quot;targetApplications&quot;:[{&quot;id&quot;:&quot;{ec8030f7-c20a-464f-9b0e-13a3a9e97384}&quot;,&quot;minVersion&quot;:&quot;53.0.3&quot;,&quot;maxVersion&quot;:&quot;53.*&quot;}],&quot;targetPlatforms&quot;:[],&quot;multiprocessCompatible&quot;:true,&quot;seen&quot;:true,&quot;dependencies&quot;:[],&quot;hasEmbeddedWebExtension&quot;:false,&quot;mpcOptedOut&quot;:false,&quot;userPermissions&quot;:null}
1496355128077	addons.xpi	DEBUG	getModTime: Recursive scan of aushelper@mozilla.org
1496355128078	addons.xpi	DEBUG	Updating XPIState for {&quot;id&quot;:&quot;e10srollout@mozilla.org&quot;,&quot;syncGUID&quot;:&quot;{2ba02f46-2f41-1147-b5c3-0a55f71b4488}&quot;,&quot;location&quot;:&quot;app-system-defaults&quot;,&quot;version&quot;:&quot;1.14&quot;,&quot;type&quot;:&quot;extension&quot;,&quot;internalName&quot;:null,&quot;updateURL&quot;:null,&quot;updateKey&quot;:null,&quot;optionsURL&quot;:null,&quot;optionsType&quot;:null,&quot;aboutURL&quot;:null,&quot;icons&quot;:{},&quot;iconURL&quot;:null,&quot;icon64URL&quot;:null,&quot;defaultLocale&quot;:{&quot;name&quot;:&quot;Multi-process staged rollout&quot;,&quot;description&quot;:&quot;Staged rollout of Firefox multi-process feature.&quot;,&quot;creator&quot;:null,&quot;homepageURL&quot;:null},&quot;visible&quot;:true,&quot;active&quot;:true,&quot;userDisabled&quot;:false,&quot;appDisabled&quot;:false,&quot;descriptor&quot;:&quot;/Applications/Firefox.app/Contents/Resources/browser/features/e10srollout@mozilla.org.xpi&quot;,&quot;installDate&quot;:1495093093000,&quot;updateDate&quot;:1495093093000,&quot;applyBackgroundUpdates&quot;:1,&quot;bootstrap&quot;:true,&quot;skinnable&quot;:false,&quot;size&quot;:8478,&quot;sourceURI&quot;:null,&quot;releaseNotesURI&quot;:null,&quot;softDisabled&quot;:false,&quot;foreignInstall&quot;:false,&quot;hasBinaryComponents&quot;:false,&quot;strictCompatibility&quot;:false,&quot;locales&quot;:[],&quot;targetApplications&quot;:[{&quot;id&quot;:&quot;{ec8030f7-c20a-464f-9b0e-13a3a9e97384}&quot;,&quot;minVersion&quot;:&quot;53.0.3&quot;,&quot;maxVersion&quot;:&quot;53.*&quot;}],&quot;targetPlatforms&quot;:[],&quot;multiprocessCompatible&quot;:true,&quot;seen&quot;:true,&quot;dependencies&quot;:[],&quot;hasEmbeddedWebExtension&quot;:false,&quot;mpcOptedOut&quot;:false,&quot;userPermissions&quot;:null}
1496355128078	addons.xpi	DEBUG	getModTime: Recursive scan of e10srollout@mozilla.org
1496355128079	addons.xpi	DEBUG	Updating XPIState for {&quot;id&quot;:&quot;firefox@getpocket.com&quot;,&quot;syncGUID&quot;:&quot;{829bb15a-51ea-7a47-aad2-04068b59ff1f}&quot;,&quot;location&quot;:&quot;app-system-defaults&quot;,&quot;version&quot;:&quot;1.0.5&quot;,&quot;type&quot;:&quot;extension&quot;,&quot;internalName&quot;:null,&quot;updateURL&quot;:null,&quot;updateKey&quot;:null,&quot;optionsURL&quot;:null,&quot;optionsType&quot;:null,&quot;aboutURL&quot;:null,&quot;icons&quot;:{},&quot;iconURL&quot;:null,&quot;icon64URL&quot;:null,&quot;defaultLocale&quot;:{&quot;name&quot;:&quot;Pocket&quot;,&quot;description&quot;:&quot;When you find something you want to view later, put it in Pocket.&quot;,&quot;creator&quot;:null,&quot;homepageURL&quot;:null},&quot;visible&quot;:true,&quot;active&quot;:true,&quot;userDisabled&quot;:false,&quot;appDisabled&quot;:false,&quot;descriptor&quot;:&quot;/Applications/Firefox.app/Contents/Resources/browser/features/firefox@getpocket.com.xpi&quot;,&quot;installDate&quot;:1495093093000,&quot;updateDate&quot;:1495093093000,&quot;applyBackgroundUpdates&quot;:1,&quot;bootstrap&quot;:true,&quot;skinnable&quot;:false,&quot;size&quot;:913565,&quot;sourceURI&quot;:null,&quot;releaseNotesURI&quot;:null,&quot;softDisabled&quot;:false,&quot;foreignInstall&quot;:false,&quot;hasBinaryComponents&quot;:false,&quot;strictCompatibility&quot;:false,&quot;locales&quot;:[],&quot;targetApplications&quot;:[{&quot;id&quot;:&quot;{ec8030f7-c20a-464f-9b0e-13a3a9e97384}&quot;,&quot;minVersion&quot;:&quot;53.0.3&quot;,&quot;maxVersion&quot;:&quot;53.*&quot;}],&quot;targetPlatforms&quot;:[],&quot;multiprocessCompatible&quot;:true,&quot;seen&quot;:true,&quot;dependencies&quot;:[],&quot;hasEmbeddedWebExtension&quot;:false,&quot;mpcOptedOut&quot;:false,&quot;userPermissions&quot;:null}
1496355128079	addons.xpi	DEBUG	getModTime: Recursive scan of firefox@getpocket.com
1496355128080	addons.xpi	DEBUG	Updating XPIState for {&quot;id&quot;:&quot;webcompat@mozilla.org&quot;,&quot;syncGUID&quot;:&quot;{dfa3409f-8b6e-254a-a9c2-39e072a59680}&quot;,&quot;location&quot;:&quot;app-system-defaults&quot;,&quot;version&quot;:&quot;1.0&quot;,&quot;type&quot;:&quot;extension&quot;,&quot;internalName&quot;:null,&quot;updateURL&quot;:null,&quot;updateKey&quot;:null,&quot;optionsURL&quot;:null,&quot;optionsType&quot;:null,&quot;aboutURL&quot;:null,&quot;icons&quot;:{},&quot;iconURL&quot;:null,&quot;icon64URL&quot;:null,&quot;defaultLocale&quot;:{&quot;name&quot;:&quot;Web Compat&quot;,&quot;description&quot;:&quot;Urgent post-release fixes for web compatibility.&quot;,&quot;creator&quot;:null,&quot;homepageURL&quot;:null},&quot;visible&quot;:true,&quot;active&quot;:true,&quot;userDisabled&quot;:false,&quot;appDisabled&quot;:false,&quot;descriptor&quot;:&quot;/Applications/Firefox.app/Contents/Resources/browser/features/webcompat@mozilla.org.xpi&quot;,&quot;installDate&quot;:1495093093000,&quot;updateDate&quot;:1495093093000,&quot;applyBackgroundUpdates&quot;:1,&quot;bootstrap&quot;:true,&quot;skinnable&quot;:false,&quot;size&quot;:1456,&quot;sourceURI&quot;:null,&quot;releaseNotesURI&quot;:null,&quot;softDisabled&quot;:false,&quot;foreignInstall&quot;:false,&quot;hasBinaryComponents&quot;:false,&quot;strictCompatibility&quot;:false,&quot;locales&quot;:[],&quot;targetApplications&quot;:[{&quot;id&quot;:&quot;{ec8030f7-c20a-464f-9b0e-13a3a9e97384}&quot;,&quot;minVersion&quot;:&quot;53.0.3&quot;,&quot;maxVersion&quot;:&quot;53.*&quot;}],&quot;targetPlatforms&quot;:[],&quot;multiprocessCompatible&quot;:true,&quot;seen&quot;:true,&quot;dependencies&quot;:[],&quot;hasEmbeddedWebExtension&quot;:false,&quot;mpcOptedOut&quot;:false,&quot;userPermissions&quot;:null}
1496355128080	addons.xpi	DEBUG	getModTime: Recursive scan of webcompat@mozilla.org
1496355128080	addons.xpi	DEBUG	Updating XPIState for {&quot;id&quot;:&quot;{972ce4c6-7e08-4474-a285-3208198ce6fd}&quot;,&quot;syncGUID&quot;:&quot;{827f6448-6f21-3c4c-aee3-18666e1df466}&quot;,&quot;location&quot;:&quot;app-global&quot;,&quot;version&quot;:&quot;53.0.3&quot;,&quot;type&quot;:&quot;theme&quot;,&quot;internalName&quot;:&quot;classic/1.0&quot;,&quot;updateURL&quot;:null,&quot;updateKey&quot;:null,&quot;optionsURL&quot;:null,&quot;optionsType&quot;:null,&quot;aboutURL&quot;:null,&quot;icons&quot;:{},&quot;iconURL&quot;:&quot;chrome://browser/content/default-theme-icon.svg&quot;,&quot;icon64URL&quot;:null,&quot;defaultLocale&quot;:{&quot;name&quot;:&quot;Default&quot;,&quot;description&quot;:&quot;The default theme.&quot;,&quot;creator&quot;:&quot;Mozilla&quot;,&quot;homepageURL&quot;:null,&quot;contributors&quot;:[&quot;Mozilla Contributors&quot;]},&quot;visible&quot;:true,&quot;active&quot;:true,&quot;userDisabled&quot;:false,&quot;appDisabled&quot;:false,&quot;descriptor&quot;:&quot;/Applications/Firefox.app/Contents/Resources/browser/extensions/{972ce4c6-7e08-4474-a285-3208198ce6fd}.xpi&quot;,&quot;installDate&quot;:1495093093000,&quot;updateDate&quot;:1495093093000,&quot;applyBackgroundUpdates&quot;:1,&quot;skinnable&quot;:true,&quot;size&quot;:4338,&quot;sourceURI&quot;:null,&quot;releaseNotesURI&quot;:null,&quot;softDisabled&quot;:false,&quot;foreignInstall&quot;:false,&quot;hasBinaryComponents&quot;:false,&quot;strictCompatibility&quot;:true,&quot;locales&quot;:[],&quot;targetApplications&quot;:[{&quot;id&quot;:&quot;{ec8030f7-c20a-464f-9b0e-13a3a9e97384}&quot;,&quot;minVersion&quot;:&quot;53.0.3&quot;,&quot;maxVersion&quot;:&quot;53.0.3&quot;}],&quot;targetPlatforms&quot;:[],&quot;seen&quot;:true,&quot;dependencies&quot;:[],&quot;hasEmbeddedWebExtension&quot;:false,&quot;userPermissions&quot;:null}
1496355128081	addons.xpi	DEBUG	getModTime: Recursive scan of {972ce4c6-7e08-4474-a285-3208198ce6fd}
1496355128083	DeferredSave.extensions.json	DEBUG	Save changes
1496355128083	addons.xpi	DEBUG	Updating database with changes to installed add-ons
1496355128084	addons.xpi-utils	DEBUG	Updating add-on states
1496355128085	addons.xpi-utils	DEBUG	Writing add-ons list
1496355128088	addons.xpi	DEBUG	Registering manifest for /Applications/Firefox.app/Contents/Resources/browser/features/aushelper@mozilla.org.xpi
1496355128089	addons.xpi	DEBUG	Calling bootstrap method startup on aushelper@mozilla.org version 2.0
1496355128090	addons.xpi	DEBUG	Registering manifest for /Applications/Firefox.app/Contents/Resources/browser/features/e10srollout@mozilla.org.xpi
1496355128091	addons.xpi	DEBUG	Calling bootstrap method startup on e10srollout@mozilla.org version 1.14
1496355128092	addons.xpi	DEBUG	Registering manifest for /Applications/Firefox.app/Contents/Resources/browser/features/firefox@getpocket.com.xpi
1496355128094	addons.xpi	DEBUG	Calling bootstrap method startup on firefox@getpocket.com version 1.0.5
1496355128096	addons.xpi	DEBUG	Registering manifest for /Applications/Firefox.app/Contents/Resources/browser/features/webcompat@mozilla.org.xpi
1496355128097	addons.xpi	DEBUG	Calling bootstrap method startup on webcompat@mozilla.org version 1.0
1496355128102	addons.manager	DEBUG	Registering shutdown blocker for XPIProvider
1496355128102	addons.manager	DEBUG	Provider finished startup: XPIProvider
1496355128102	addons.manager	DEBUG	Starting provider: LightweightThemeManager
1496355128102	addons.manager	DEBUG	Registering shutdown blocker for LightweightThemeManager
1496355128103	addons.manager	DEBUG	Provider finished startup: LightweightThemeManager
1496355128104	addons.manager	DEBUG	Starting provider: GMPProvider
1496355128112	addons.manager	DEBUG	Registering shutdown blocker for GMPProvider
1496355128112	addons.manager	DEBUG	Provider finished startup: GMPProvider
1496355128112	addons.manager	DEBUG	Starting provider: PluginProvider
1496355128113	addons.manager	DEBUG	Registering shutdown blocker for PluginProvider
1496355128113	addons.manager	DEBUG	Provider finished startup: PluginProvider
1496355128114	addons.manager	DEBUG	Completed startup sequence
1496355128966	addons.manager	DEBUG	Starting provider: &lt;unnamed-provider&gt;
1496355128966	addons.manager	DEBUG	Registering shutdown blocker for &lt;unnamed-provider&gt;
1496355128966	addons.manager	DEBUG	Provider finished startup: &lt;unnamed-provider&gt;
1496355129516	addons.manager	DEBUG	Starting provider: PreviousExperimentProvider
1496355129517	addons.manager	DEBUG	Registering shutdown blocker for PreviousExperimentProvider
1496355129517	addons.manager	DEBUG	Provider finished startup: PreviousExperimentProvider
1496355129523	DeferredSave.extensions.json	DEBUG	Starting write
1496355129724	DeferredSave.extensions.json	DEBUG	Write succeeded
1496355129725	addons.xpi-utils	DEBUG	XPI Database saved, setting schema version preference to 19
1496355134297	Marionette	INFO	Listening on port 55755
Jun 01, 2017 6:12:14 PM org.openqa.selenium.remote.ProtocolHandshake createSession
INFO: Detected dialect: W3C
2017-06-01 18:12:15.304 plugin-container[2231:113317] *** CFMessagePort: bootstrap_register(): failed 1100 (0x44c) &apos;Permission denied&apos;, port = 0x903f, name = &apos;com.apple.tsm.portname&apos;
See /usr/include/servers/bootstrap_defs.h for the error codes.
2017-06-01 18:12:15.308 plugin-container[2231:113317] *** CFMessagePort: bootstrap_register(): failed 1100 (0x44c) &apos;Permission denied&apos;, port = 0x9503, name = &apos;com.apple.CFPasteboardClient&apos;
See /usr/include/servers/bootstrap_defs.h for the error codes.
JavaScript warning: http://vip-dev.cis.fiu.edu/features/registration/userRegistrationController.js, line 548: unreachable code after return statement
JavaScript warning: http://vip-dev.cis.fiu.edu/features/reviewStudentApplications/reviewStudentAppService.js, line 33: unreachable code after return statement
JavaScript warning: http://vip-dev.cis.fiu.edu/features/registration/userRegistrationController.js, line 548: unreachable code after return statement
JavaScript warning: http://vip-dev.cis.fiu.edu/features/reviewStudentApplications/reviewStudentAppService.js, line 33: unreachable code after return statement
JavaScript error: https://www.youtube.com/yts/jsbin/www-embed-player-vflRh2pyZ/www-embed-player.js, line 282: NS_ERROR_NOT_INITIALIZED: 
JavaScript warning: http://vip-dev.cis.fiu.edu/features/registration/userRegistrationController.js, line 548: unreachable code after return statement
JavaScript warning: http://vip-dev.cis.fiu.edu/features/reviewStudentApplications/reviewStudentAppService.js, line 33: unreachable code after return statement
JavaScript warning: http://vip-dev.cis.fiu.edu/features/registration/userRegistrationController.js, line 548: unreachable code after return statement
JavaScript warning: http://vip-dev.cis.fiu.edu/features/reviewStudentApplications/reviewStudentAppService.js, line 33: unreachable code after return statement
JavaScript warning: http://vip-dev.cis.fiu.edu/features/registration/userRegistrationController.js, line 548: unreachable code after return statement
JavaScript warning: http://vip-dev.cis.fiu.edu/features/reviewStudentApplications/reviewStudentAppService.js, line 33: unreachable code after return statement
JavaScript warning: http://vip-dev.cis.fiu.edu/features/registration/userRegistrationController.js, line 548: unreachable code after return statement
JavaScript warning: http://vip-dev.cis.fiu.edu/features/reviewStudentApplications/reviewStudentAppService.js, line 33: unreachable code after return statement
1496355194040	addons.productaddons	INFO	sending request to: https://aus5.mozilla.org/update/3/GMP/53.0.3/20170518000419/Darwin_x86_64-gcc3/en-US/release/Darwin%2016.5.0/default/default/update.xml
1496355194459	addons.productaddons	INFO	Completed downloading document
1496355194852	addons.productaddons	INFO	downloadXHR File download. status=200
1496355196799	addons.productaddons	INFO	Downloaded file will be saved to /private/var/folders/r5/kjnwj0jn1x56pdpncw6n7xc80000gn/T/TemporaryItems/tmpaddon
1496355206257	addons.productaddons	INFO	downloadXHR File download. status=200
1496355206624	addons.productaddons	INFO	Downloaded file will be saved to /private/var/folders/r5/kjnwj0jn1x56pdpncw6n7xc80000gn/T/TemporaryItems/tmpaddon
JavaScript warning: http://vip-dev.cis.fiu.edu/features/registration/userRegistrationController.js, line 548: unreachable code after return statement
JavaScript warning: http://vip-dev.cis.fiu.edu/features/reviewStudentApplications/reviewStudentAppService.js, line 33: unreachable code after return statement
JavaScript warning: http://vip-dev.cis.fiu.edu/features/registration/userRegistrationController.js, line 548: unreachable code after return statement
JavaScript warning: http://vip-dev.cis.fiu.edu/features/reviewStudentApplications/reviewStudentAppService.js, line 33: unreachable code after return statement
1496355228061	Marionette	INFO	New connections will no longer be accepted
[Child 2231] WARNING: pipe error: Broken pipe: file /builds/slave/m-rel-m64-00000000000000000000/build/src/ipc/chromium/src/chrome/common/ipc_channel_posix.cc, line 702
</system-err>
  </testcase>
</testsuite>